\BOOKMARK [0][-]{chapter.1}{\376\377\000I\000n\000t\000r\000o\000d\000u\000c\000t\000i\000o\000n}{}% 1
\BOOKMARK [0][-]{chapter.2}{\376\377\000S\000t\000r\000i\000n\000g\000\040\000d\000i\000a\000g\000r\000a\000m\000s}{}% 2
\BOOKMARK [1][-]{section.2.1}{\376\377\000A\000\040\000P\000a\000r\000t\000i\000a\000l\000\040\000H\000i\000s\000t\000o\000r\000y\000\040\000o\000f\000\040\000S\000t\000r\000i\000n\000g\000\040\000D\000i\000a\000g\000r\000a\000m\000s}{chapter.2}% 3
\BOOKMARK [1][-]{section.2.2}{\376\377\000P\000r\000o\000c\000e\000s\000s\000\040\000T\000h\000e\000o\000r\000i\000e\000s}{chapter.2}% 4
\BOOKMARK [1][-]{section.2.3}{\376\377\000D\000e\000f\000i\000n\000i\000n\000g\000\040\000S\000t\000r\000i\000n\000g\000\040\000D\000i\000a\000g\000r\000a\000m\000s}{chapter.2}% 5
\BOOKMARK [0][-]{chapter.3}{\376\377\000T\000e\000x\000t\000\040\000c\000i\000r\000c\000u\000i\000t\000s}{}% 6
\BOOKMARK [1][-]{section.3.1}{\376\377\000H\000o\000w\000\040\000d\000o\000\040\000w\000e\000\040\000c\000o\000m\000m\000u\000n\000i\000c\000a\000t\000e\000?}{chapter.3}% 7
\BOOKMARK [0][-]{chapter.4}{\376\377\000C\000o\000n\000t\000i\000n\000u\000o\000u\000s\000\040\000r\000e\000l\000a\000t\000i\000o\000n\000s}{}% 8
\BOOKMARK [1][-]{section.4.1}{\376\377\000C\000o\000n\000t\000i\000n\000u\000o\000u\000s\000\040\000R\000e\000l\000a\000t\000i\000o\000n\000s}{chapter.4}% 9
\BOOKMARK [1][-]{section.4.2}{\376\377\000C\000o\000n\000t\000i\000n\000u\000o\000u\000s\000\040\000R\000e\000l\000a\000t\000i\000o\000n\000s\000\040\000b\000y\000\040\000e\000x\000a\000m\000p\000l\000e\000s}{chapter.4}% 10
\BOOKMARK [1][-]{section.4.3}{\376\377\000T\000h\000e\000\040\000c\000a\000t\000e\000g\000o\000r\000y\000\040\000T\000o\000p\000R\000e\000l}{chapter.4}% 11
\BOOKMARK [1][-]{section.4.4}{\376\377\000B\000i\000p\000r\000o\000d\000u\000c\000t\000s}{chapter.4}% 12
\BOOKMARK [1][-]{section.4.5}{\376\377\000S\000y\000m\000m\000e\000t\000r\000i\000c\000\040\000M\000o\000n\000o\000i\000d\000a\000l\000\040\000C\000l\000o\000s\000e\000d\000\040\000s\000t\000r\000u\000c\000t\000u\000r\000e}{chapter.4}% 13
\BOOKMARK [1][-]{section.4.6}{\376\377\000T\000o\000p\000R\000e\000l\000\040\000d\000i\000a\000g\000r\000a\000m\000m\000a\000t\000i\000c\000a\000l\000l\000y}{chapter.4}% 14
\BOOKMARK [1][-]{section.4.7}{\376\377\000P\000o\000p\000u\000l\000a\000t\000i\000n\000g\000\040\000s\000p\000a\000c\000e\000\040\000w\000i\000t\000h\000\040\000s\000h\000a\000p\000e\000s\000\040\000u\000s\000i\000n\000g\000\040\000s\000t\000i\000c\000k\000y\000\040\000s\000p\000i\000d\000e\000r\000s}{chapter.4}% 15
\BOOKMARK [1][-]{section.4.8}{\376\377\000S\000t\000i\000c\000k\000y\000\040\000s\000p\000i\000d\000e\000r\000s\000\040\000a\000r\000e\000\040\000c\000o\000l\000l\000e\000c\000t\000i\000o\000n\000s\000\040\000o\000f\000\040\000s\000h\000a\000p\000e\000s\000\040\000i\000n\000\040\000s\000p\000a\000c\000e}{chapter.4}% 16
\BOOKMARK [1][-]{section.4.9}{\376\377\000D\000i\000s\000p\000l\000a\000c\000i\000n\000g\000\040\000s\000h\000a\000p\000e\000s\000\040\000w\000i\000t\000h\000\040\000s\000y\000m\000m\000e\000t\000r\000i\000e\000s}{chapter.4}% 17
\BOOKMARK [1][-]{section.4.10}{\376\377\000M\000o\000v\000i\000n\000g\000\040\000s\000h\000a\000p\000e\000s\000\040\000c\000o\000n\000t\000i\000n\000u\000o\000u\000s\000l\000y}{chapter.4}% 18
\BOOKMARK [1][-]{section.4.11}{\376\377\000C\000o\000n\000f\000i\000g\000u\000r\000a\000t\000i\000o\000n\000\040\000s\000p\000a\000c\000e\000\040\000o\000f\000\040\000a\000\040\000s\000t\000i\000c\000k\000y\000\040\000s\000p\000i\000d\000e\000r}{chapter.4}% 19
\BOOKMARK [1][-]{section.4.12}{\376\377\000T\000o\000p\000o\000l\000o\000g\000i\000c\000a\000l\000\040\000m\000o\000d\000e\000l\000s\000\040\000f\000o\000r\000\040\000a\000\040\000s\000e\000l\000e\000c\000t\000i\000o\000n\000\040\000o\000f\000\040\000c\000o\000n\000c\000e\000p\000t\000s}{chapter.4}% 20
\BOOKMARK [1][-]{section.4.13}{\376\377\000M\000o\000d\000e\000l\000l\000i\000n\000g\000\040\000L\000a\000s\000s\000o\000s}{chapter.4}% 21
\BOOKMARK [0][-]{chapter.5}{\376\377\000M\000e\000t\000a\000p\000h\000o\000r\000,\000\040\000n\000a\000r\000r\000a\000t\000i\000v\000e\000,\000\040\000o\000t\000h\000e\000r\000\040\000p\000i\000c\000t\000u\000r\000e\000s}{}% 22
\BOOKMARK [1][-]{section.5.1}{\376\377\000M\000o\000d\000e\000l\000l\000i\000n\000g\000\040\000m\000e\000t\000a\000p\000h\000o\000r}{chapter.5}% 23
